<?xml version="1.0" encoding="UTF-8"?>
<!-- Generated by org.testng.reporters.JUnitReportReporter -->
<testsuite hostname="LAPTOP-G9RE70VK" failures="0" tests="1" name="CHECKINGJENKINS.JenkinTest" time="3.471" errors="0" timestamp="2022-08-16T18:31:41 IST" skipped="0">
  <testcase classname="CHECKINGJENKINS.JenkinTest" name="jenkinTest" time="3.471"/>
  <system-out/>
</testsuite> <!-- CHECKINGJENKINS.JenkinTest -->
